#
# There is insufficient memory for the Java Runtime Environment to continue.
# Native memory allocation (mmap) failed to map 268435456 bytes for Failed to commit area from 0x0000000701000000 to 0x0000000711000000 of length 268435456.
# Possible reasons:
#   The system is out of physical RAM or swap space
#   The process is running with CompressedOops enabled, and the Java Heap may be blocking the growth of the native heap
# Possible solutions:
#   Reduce memory load on the system
#   Increase physical memory or swap space
#   Check if swap backing store is full
#   Decrease Java heap size (-Xmx/-Xms)
#   Decrease number of Java threads
#   Decrease Java thread stack sizes (-Xss)
#   Set larger code cache with -XX:ReservedCodeCacheSize=
# This output file may be truncated or incomplete.
#
#  Out of Memory Error (./src/hotspot/os/windows/os_windows.cpp:3303), pid=11976, tid=32256
#
# JRE version:  (11.0.9+11) (build )
# Java VM: OpenJDK 64-Bit Server VM (11.0.9+11-b944.49, mixed mode, sharing, tiered, compressed oops, g1 gc, windows-amd64)
# No core dump will be written. Minidumps are not enabled by default on client versions of Windows
#

---------------  S U M M A R Y ------------

Command Line: org.jetbrains.git4idea.http.GitAskPassApp Username for 'https://github.com': 

Host: Intel(R) Core(TM) i7-8700 CPU @ 3.20GHz, 12 cores, 15G,  Windows 10 , 64 bit Build 18362 (10.0.18362.1350)
Time: Fri Mar 26 18:21:10 2021 ?D1¨²¡À¨º¡Á?¨º¡À?? elapsed time: 0.013481 seconds (0d 0h 0m 0s)

---------------  T H R E A D  ---------------

Current thread (0x00000233feae0800):  JavaThread "Unknown thread" [_thread_in_vm, id=32256, stack(0x000000ce0cc00000,0x000000ce0cd00000)]

Stack: [0x000000ce0cc00000,0x000000ce0cd00000]
Native frames: (J=compiled Java code, j=interpreted, Vv=VM code, C=native code)
V  [jvm.dll+0x5ed32a]
V  [jvm.dll+0x722655]
V  [jvm.dll+0x723bad]
V  [jvm.dll+0x724263]
V  [jvm.dll+0x242cc8]
V  [jvm.dll+0x5ea7e4]
V  [jvm.dll+0x5df8f5]
V  [jvm.dll+0x2fe2db]
V  [jvm.dll+0x2fe24a]
V  [jvm.dll+0x2fe122]
V  [jvm.dll+0x302ff6]
V  [jvm.dll+0x34b703]
V  [jvm.dll+0x34be06]
V  [jvm.dll+0x34b803]
V  [jvm.dll+0x2d8f98]
V  [jvm.dll+0x2da137]
V  [jvm.dll+0x7013c7]
V  [jvm.dll+0x702bbc]
V  [jvm.dll+0x358cb9]
V  [jvm.dll+0x6e4e9e]
V  [jvm.dll+0x3c1083]
V  [jvm.dll+0x3c3231]
C  [jli.dll+0x5373]
C  [ucrtbase.dll+0x210b2]
C  [KERNEL32.DLL+0x17c24]
C  [ntdll.dll+0x6d721]


---------------  P R O C E S S  ---------------

Threads class SMR info:
_java_thread_list=0x00000233fc9c7840, length=0, elements={
}

Java Threads: ( => current thread )

Other Threads:
  0x00000233feaf5000 GCTaskThread "GC Thread#0" [stack: 0x000000ce0cd00000,0x000000ce0ce00000] [id=7920]
  0x00000233feb55000 ConcurrentGCThread "G1 Main Marker" [stack: 0x000000ce0ce00000,0x000000ce0cf00000] [id=15104]
  0x00000233feb56800 ConcurrentGCThread "G1 Conc#0" [stack: 0x000000ce0cf00000,0x000000ce0d000000] [id=29356]

[error occurred during error reporting (printing all threads), id 0xc0000005, EXCEPTION_ACCESS_VIOLATION (0xc0000005) at pc=0x00007ffc93a39537]

VM state:not at safepoint (not fully initialized)

VM Mutex/Monitor currently owned by a thread:  ([mutex/lock_event])
[0x00000233feadedf0] Heap_lock - owner thread: 0x00000233feae0800

Heap address: 0x0000000701000000, size: 4080 MB, Compressed Oops mode: Non-zero based: 0x0000000701000000
Narrow klass base: 0x0000000000000000, Narrow klass shift: 0

GC Heap History (0 events):
No events

Deoptimization events (0 events):
No events

Classes redefined (0 events):
No events

Internal exceptions (0 events):
No events

Events (1 events):
Event: 0.005 Loaded shared library D:\javasoft\idea\IntelliJ IDEA 2020.2.2\jbr\bin\zip.dll


Dynamic libraries:
0x00007ff63fae0000 - 0x00007ff63faea000 	D:\javasoft\idea\IntelliJ IDEA 2020.2.2\jbr\bin\java.exe
0x00007ffce3520000 - 0x00007ffce3710000 	C:\Windows\SYSTEM32\ntdll.dll
0x00007ffce3220000 - 0x00007ffce32d2000 	C:\Windows\System32\KERNEL32.DLL
0x00007ffce0490000 - 0x00007ffce0735000 	C:\Windows\System32\KERNELBASE.dll
0x00007ffce0a70000 - 0x00007ffce0b6a000 	C:\Windows\System32\ucrtbase.dll
0x00007ffcd7e90000 - 0x00007ffcd7ea9000 	D:\javasoft\idea\IntelliJ IDEA 2020.2.2\jbr\bin\jli.dll
0x00007ffcd93c0000 - 0x00007ffcd93d7000 	D:\javasoft\idea\IntelliJ IDEA 2020.2.2\jbr\bin\VCRUNTIME140.dll
0x00007ffce15d0000 - 0x00007ffce1764000 	C:\Windows\System32\USER32.dll
0x00007ffce1440000 - 0x00007ffce1461000 	C:\Windows\System32\win32u.dll
0x00007ffcd29e0000 - 0x00007ffcd2c64000 	C:\Windows\WinSxS\amd64_microsoft.windows.common-controls_6595b64144ccf1df_6.0.18362.1440_none_9e7dbfb9e45e8e67\COMCTL32.dll
0x00007ffce31c0000 - 0x00007ffce31e6000 	C:\Windows\System32\GDI32.dll
0x00007ffce3440000 - 0x00007ffce34de000 	C:\Windows\System32\msvcrt.dll
0x00007ffce08d0000 - 0x00007ffce0a68000 	C:\Windows\System32\gdi32full.dll
0x00007ffce13a0000 - 0x00007ffce143e000 	C:\Windows\System32\msvcp_win.dll
0x00007ffce1920000 - 0x00007ffce1c56000 	C:\Windows\System32\combase.dll
0x00007ffce2850000 - 0x00007ffce296f000 	C:\Windows\System32\RPCRT4.dll
0x00007ffce0790000 - 0x00007ffce0811000 	C:\Windows\System32\bcryptPrimitives.dll
0x00007ffce31f0000 - 0x00007ffce321e000 	C:\Windows\System32\IMM32.DLL
0x00007ffcce3c0000 - 0x00007ffcce45d000 	D:\javasoft\idea\IntelliJ IDEA 2020.2.2\jbr\bin\msvcp140.dll
0x00007ffc93750000 - 0x00007ffc9421e000 	D:\javasoft\idea\IntelliJ IDEA 2020.2.2\jbr\bin\server\jvm.dll
0x00007ffce27a0000 - 0x00007ffce2843000 	C:\Windows\System32\ADVAPI32.dll
0x00007ffce1ee0000 - 0x00007ffce1f77000 	C:\Windows\System32\sechost.dll
0x00007ffce29e0000 - 0x00007ffce29e8000 	C:\Windows\System32\PSAPI.DLL
0x00007ffcd7e50000 - 0x00007ffcd7e59000 	C:\Windows\SYSTEM32\WSOCK32.dll
0x00007ffcd4a80000 - 0x00007ffcd4aa4000 	C:\Windows\SYSTEM32\WINMM.dll
0x00007ffce2730000 - 0x00007ffce279f000 	C:\Windows\System32\WS2_32.dll
0x00007ffcda7d0000 - 0x00007ffcda7da000 	C:\Windows\SYSTEM32\VERSION.dll
0x00007ffcd6fc0000 - 0x00007ffcd6fed000 	C:\Windows\SYSTEM32\WINMMBASE.dll
0x00007ffce0740000 - 0x00007ffce078a000 	C:\Windows\System32\cfgmgr32.dll
0x00007ffce03e0000 - 0x00007ffce03f1000 	C:\Windows\System32\kernel.appcore.dll
0x00007ffcd9320000 - 0x00007ffcd9331000 	D:\javasoft\idea\IntelliJ IDEA 2020.2.2\jbr\bin\verify.dll
0x00007ffcd9b70000 - 0x00007ffcd9d64000 	C:\Windows\SYSTEM32\DBGHELP.DLL
0x00007ffcd9b40000 - 0x00007ffcd9b6a000 	C:\Windows\SYSTEM32\dbgcore.DLL
0x00007ffcc78f0000 - 0x00007ffcc7919000 	D:\javasoft\idea\IntelliJ IDEA 2020.2.2\jbr\bin\java.dll
0x00007ffcda430000 - 0x00007ffcda43b000 	D:\javasoft\idea\IntelliJ IDEA 2020.2.2\jbr\bin\jimage.dll
0x00007ffcd1b60000 - 0x00007ffcd1b78000 	D:\javasoft\idea\IntelliJ IDEA 2020.2.2\jbr\bin\zip.dll

dbghelp: loaded successfully - version: 4.0.5 - missing functions: none
symbol engine: initialized successfully - sym options: 0x614 - pdb path: .;D:\javasoft\idea\IntelliJ IDEA 2020.2.2\jbr\bin;C:\Windows\SYSTEM32;C:\Windows\WinSxS\amd64_microsoft.windows.common-controls_6595b64144ccf1df_6.0.18362.1440_none_9e7dbfb9e45e8e67;D:\javasoft\idea\IntelliJ IDEA 2020.2.2\jbr\bin\server

VM Arguments:
java_command: org.jetbrains.git4idea.http.GitAskPassApp Username for 'https://github.com': 
java_class_path (initial): D:/javasoft/idea/IntelliJ IDEA 2020.2.2/plugins/git4idea/lib/git4idea-rt.jar;D:/javasoft/idea/IntelliJ IDEA 2020.2.2/lib/xmlrpc-2.0.1.jar;D:/javasoft/idea/IntelliJ IDEA 2020.2.2/lib/commons-codec-1.14.jar
Launcher Type: SUN_STANDARD

[Global flags]
     intx CICompilerCount                          = 4                                         {product} {ergonomic}
     uint ConcGCThreads                            = 3                                         {product} {ergonomic}
     uint G1ConcRefinementThreads                  = 10                                        {product} {ergonomic}
   size_t G1HeapRegionSize                         = 1048576                                   {product} {ergonomic}
    uintx GCDrainStackTargetSize                   = 64                                        {product} {ergonomic}
   size_t InitialHeapSize                          = 268435456                                 {product} {ergonomic}
   size_t MarkStackSize                            = 4194304                                   {product} {ergonomic}
   size_t MaxHeapSize                              = 4278190080                                {product} {ergonomic}
   size_t MinHeapDeltaBytes                        = 1048576                                   {product} {ergonomic}
    uintx NonNMethodCodeHeapSize                   = 5836300                                {pd product} {ergonomic}
    uintx NonProfiledCodeHeapSize                  = 122910970                              {pd product} {ergonomic}
    uintx ProfiledCodeHeapSize                     = 122910970                              {pd product} {ergonomic}
    uintx ReservedCodeCacheSize                    = 251658240                              {pd product} {ergonomic}
     bool SegmentedCodeCache                       = true                                      {product} {ergonomic}
     bool UseCompressedClassPointers               = true                                 {lp64_product} {ergonomic}
     bool UseCompressedOops                        = true                                 {lp64_product} {ergonomic}
     bool UseG1GC                                  = true                                      {product} {ergonomic}
     bool UseLargePagesIndividualAllocation        = false                                  {pd product} {ergonomic}

Logging:
Log output configuration:
 #0: stdout all=warning uptime,level,tags
 #1: stderr all=off uptime,level,tags

Environment Variables:
JAVA_HOME=D:\javasoft\jdk
PATH=D:/javasoft/git/Git/mingw64/libexec/git-core;D:/javasoft/git/Git/mingw64/libexec/git-core;D:\javasoft\git\Git\mingw64\bin;D:\javasoft\git\Git\usr\bin;C:\Users\Administrator\bin;D:\javasoft\shell\;D:\javasoft\ftp\;C:\Program Files (x86)\Common Files\Oracle\Java\javapath;C:\Windows\system32;C:\Windows;C:\Windows\System32\Wbem;C:\Windows\System32\WindowsPowerShell\v1.0\;C:\Windows\System32\OpenSSH\;C:\Program Files (x86)\NVIDIA Corporation\PhysX\Common;C:\Program Files\NVIDIA Corporation\NVIDIA NvDLISR;C:\Program Files (x86)\AMD\ATI.ACE\Core-Static;D:\javasoft\jdk\bin;D:\javasoft\git\Git\cmd;C:\Program Files\TortoiseGit\bin;D:\javasoft\svn\bin;C:\Program Files\nodejs\;C:\Program Files (x86)\ATI Technologies\ATI.ACE\Core-Static;D:\javasoft\putty\;D:\javasoft\gradle-6.8\bin;D:\javasoft\maven\apache-maven-3.6.3\bin;C:\Users\Administrator\AppData\Local\Microsoft\WindowsApps;C:\Users\Administrator\AppData\Roaming\npm;D:\javasoft\Microsoft VS Code\bin;D:\javasoft\ssh
USERNAME=Administrator
DISPLAY=:0.0
LC_ALL=en_US.UTF-8
OS=Windows_NT
PROCESSOR_IDENTIFIER=Intel64 Family 6 Model 158 Stepping 10, GenuineIntel



---------------  S Y S T E M  ---------------

OS: Windows 10 , 64 bit Build 18362 (10.0.18362.1350)
OS uptime: 10 days 23:20 hours

CPU:total 12 (initial active 12) (6 cores per cpu, 2 threads per core) family 6 model 158 stepping 10, cmov, cx8, fxsr, mmx, sse, sse2, sse3, ssse3, sse4.1, sse4.2, popcnt, avx, avx2, aes, clmul, erms, rtm, 3dnowpref, lzcnt, ht, tsc, tscinvbit, bmi1, bmi2, adx, fma

Memory: 4k page, system-wide physical 16315M (1271M free)
TotalPageFile size 33274M (AvailPageFile size 118M)
current process WorkingSet (physical memory assigned to process): 10M, peak: 10M
current process commit charge ("private bytes"): 64M, peak: 320M

vm_info: OpenJDK 64-Bit Server VM (11.0.9+11-b944.49) for windows-amd64 JRE (11.0.9+11-b944.49), built on Nov 21 2020 13:01:57 by "" with MS VC++ 14.0 (VS2015)

END.
